<?xml version="1.0" encoding="UTF-8"?>
<!-- Generated by org.testng.reporters.JUnitXMLReporter -->
<testsuite ignored="0" hostname="INMDCL2021002" failures="0" tests="3" name="Default test" time="36.984" errors="0" timestamp="2023-08-10T03:59:56 IST">
  <testcase classname="com.tutorialsninja.qa.tester.SearchTest" name="searchValidProduct" time="1.924"/>
  <testcase classname="com.tutorialsninja.qa.tester.SearchTest" name="searchInValidProduct" time="1.436"/>
  <testcase classname="com.tutorialsninja.qa.tester.SearchTest" name="searchNoProduct" time="1.403"/>
</testsuite> <!-- Default test -->
