<?xml version="1.0" encoding="UTF-8"?>
<!-- Generated by org.testng.reporters.JUnitXMLReporter -->
<testsuite ignored="0" hostname="INMDCL2021002" failures="0" tests="8" name="Test" time="0.162" errors="0" timestamp="2023-08-08T02:28:09 IST">
  <testcase classname="com.tutorialsninja.qa.tester.LoginApplication" name="@BeforeMethod BeforeMethod" time="0.005">
    <failure type="java.lang.NullPointerException" message="Cannot invoke &amp;quot;String.equals(Object)&amp;quot; because &amp;quot;browsername&amp;quot; is null">
      <![CDATA[java.lang.NullPointerException: Cannot invoke "String.equals(Object)" because "browsername" is null
at com.tutorialsninja.qa.base.Base.initialiseBrowserAndOpenTheApplication(Base.java:36)
at com.tutorialsninja.qa.tester.LoginApplication.BeforeMethod(LoginApplication.java:26)
at java.base/java.util.ArrayList.forEach(ArrayList.java:1511)
... Removed 31 stack frames]]>
    </failure>
  </testcase> <!-- @BeforeMethod BeforeMethod -->
  <testcase classname="com.tutorialsninja.qa.tester.LoginApplication" name="@AfterMethod afterMethod" time="-1.691441889628E9">
    <skipped/>
  </testcase> <!-- @AfterMethod afterMethod -->
  <testcase classname="com.tutorialsninja.qa.tester.LoginApplication" name="@BeforeMethod BeforeMethod" time="-1.691441889635E9">
    <skipped/>
  </testcase> <!-- @BeforeMethod BeforeMethod -->
  <testcase classname="com.tutorialsninja.qa.tester.LoginApplication" name="@AfterMethod afterMethod" time="-1.691441889641E9">
    <skipped/>
  </testcase> <!-- @AfterMethod afterMethod -->
  <testcase classname="com.tutorialsninja.qa.tester.LoginApplication" name="@BeforeMethod BeforeMethod" time="-1.691441889645E9">
    <skipped/>
  </testcase> <!-- @BeforeMethod BeforeMethod -->
  <testcase classname="com.tutorialsninja.qa.tester.LoginApplication" name="@AfterMethod afterMethod" time="-1.691441889652E9">
    <skipped/>
  </testcase> <!-- @AfterMethod afterMethod -->
  <testcase classname="com.tutorialsninja.qa.tester.LoginApplication" name="@BeforeMethod BeforeMethod" time="-1.691441889655E9">
    <skipped/>
  </testcase> <!-- @BeforeMethod BeforeMethod -->
  <testcase classname="com.tutorialsninja.qa.tester.LoginApplication" name="@AfterMethod afterMethod" time="-1.691441889662E9">
    <skipped/>
  </testcase> <!-- @AfterMethod afterMethod -->
  <testcase classname="com.tutorialsninja.qa.tester.Register" name="@BeforeMethod BeforeMethod" time="0.001">
    <failure type="java.lang.NullPointerException" message="Cannot invoke &amp;quot;String.equals(Object)&amp;quot; because &amp;quot;browsername&amp;quot; is null">
      <![CDATA[java.lang.NullPointerException: Cannot invoke "String.equals(Object)" because "browsername" is null
at com.tutorialsninja.qa.base.Base.initialiseBrowserAndOpenTheApplication(Base.java:36)
at com.tutorialsninja.qa.tester.Register.BeforeMethod(Register.java:25)
at java.base/java.util.ArrayList.forEach(ArrayList.java:1511)
... Removed 31 stack frames]]>
    </failure>
  </testcase> <!-- @BeforeMethod BeforeMethod -->
  <testcase classname="com.tutorialsninja.qa.tester.Register" name="@AfterMethod afterMethod" time="-1.691441889682E9">
    <skipped/>
  </testcase> <!-- @AfterMethod afterMethod -->
  <testcase classname="com.tutorialsninja.qa.tester.Register" name="@BeforeMethod BeforeMethod" time="-1.691441889687E9">
    <skipped/>
  </testcase> <!-- @BeforeMethod BeforeMethod -->
  <testcase classname="com.tutorialsninja.qa.tester.Register" name="@AfterMethod afterMethod" time="-1.691441889695E9">
    <skipped/>
  </testcase> <!-- @AfterMethod afterMethod -->
  <testcase classname="com.tutorialsninja.qa.tester.Register" name="@BeforeMethod BeforeMethod" time="-1.691441889697E9">
    <skipped/>
  </testcase> <!-- @BeforeMethod BeforeMethod -->
  <testcase classname="com.tutorialsninja.qa.tester.Register" name="@AfterMethod afterMethod" time="-1.691441889703E9">
    <skipped/>
  </testcase> <!-- @AfterMethod afterMethod -->
  <testcase classname="com.tutorialsninja.qa.tester.Register" name="@BeforeMethod BeforeMethod" time="-1.691441889706E9">
    <skipped/>
  </testcase> <!-- @BeforeMethod BeforeMethod -->
  <testcase classname="com.tutorialsninja.qa.tester.Register" name="@AfterMethod afterMethod" time="-1.691441889717E9">
    <skipped/>
  </testcase> <!-- @AfterMethod afterMethod -->
  <testcase classname="com.tutorialsninja.qa.tester.LoginApplication" name="verifyloginWithValidCredentials" time="0.0">
    <skipped/>
  </testcase> <!-- verifyloginWithValidCredentials -->
  <testcase classname="com.tutorialsninja.qa.tester.LoginApplication" name="verifyloginWithInValidCredentials" time="0.0">
    <skipped/>
  </testcase> <!-- verifyloginWithInValidCredentials -->
  <testcase classname="com.tutorialsninja.qa.tester.LoginApplication" name="verifyloginWithInValidEmailID" time="0.0">
    <skipped/>
  </testcase> <!-- verifyloginWithInValidEmailID -->
  <testcase classname="com.tutorialsninja.qa.tester.LoginApplication" name="verifyloginWithInValidPassword" time="0.0">
    <skipped/>
  </testcase> <!-- verifyloginWithInValidPassword -->
  <testcase classname="com.tutorialsninja.qa.tester.Register" name="verifyRegisteringWithInvaliEmail" time="0.0">
    <skipped/>
  </testcase> <!-- verifyRegisteringWithInvaliEmail -->
  <testcase classname="com.tutorialsninja.qa.tester.Register" name="verifyRegisteringWithValidCredentials" time="0.0">
    <skipped/>
  </testcase> <!-- verifyRegisteringWithValidCredentials -->
  <testcase classname="com.tutorialsninja.qa.tester.Register" name="verifyRegisteringWithNoNewsletter" time="0.0">
    <skipped/>
  </testcase> <!-- verifyRegisteringWithNoNewsletter -->
  <testcase classname="com.tutorialsninja.qa.tester.Register" name="verifyRegisteringWithNoValidCredentials" time="0.0">
    <skipped/>
  </testcase> <!-- verifyRegisteringWithNoValidCredentials -->
</testsuite> <!-- Test -->
