<?xml version="1.0" encoding="UTF-8"?>
<testng-results ignored="0" total="3" passed="3" failed="0" skipped="0">
  <reporter-output>
  </reporter-output>
  <suite started-at="2023-08-10T03:59:19 IST" name="Default suite" finished-at="2023-08-10T03:59:56 IST" duration-ms="36984">
    <groups>
    </groups>
    <test started-at="2023-08-10T03:59:19 IST" name="Default test" finished-at="2023-08-10T03:59:56 IST" duration-ms="36984">
      <class name="com.tutorialsninja.qa.tester.SearchTest">
        <test-method is-config="true" signature="BeforeMethod()[pri:0, instance:com.tutorialsninja.qa.tester.SearchTest@32ee6fee]" started-at="2023-08-10T03:59:19 IST" name="BeforeMethod" finished-at="2023-08-10T03:59:32 IST" duration-ms="13532" status="PASS">
          <reporter-output>
          </reporter-output>
        </test-method> <!-- BeforeMethod -->
        <test-method signature="searchValidProduct()[pri:1, instance:com.tutorialsninja.qa.tester.SearchTest@32ee6fee]" started-at="2023-08-10T03:59:32 IST" name="searchValidProduct" finished-at="2023-08-10T03:59:34 IST" duration-ms="1924" status="PASS">
          <reporter-output>
          </reporter-output>
        </test-method> <!-- searchValidProduct -->
        <test-method is-config="true" signature="afterMethod()[pri:0, instance:com.tutorialsninja.qa.tester.SearchTest@32ee6fee]" started-at="2023-08-10T03:59:34 IST" name="afterMethod" finished-at="2023-08-10T03:59:35 IST" duration-ms="376" status="PASS">
          <reporter-output>
          </reporter-output>
        </test-method> <!-- afterMethod -->
        <test-method is-config="true" signature="BeforeMethod()[pri:0, instance:com.tutorialsninja.qa.tester.SearchTest@32ee6fee]" started-at="2023-08-10T03:59:35 IST" name="BeforeMethod" finished-at="2023-08-10T03:59:43 IST" duration-ms="8528" status="PASS">
          <reporter-output>
          </reporter-output>
        </test-method> <!-- BeforeMethod -->
        <test-method signature="searchInValidProduct()[pri:2, instance:com.tutorialsninja.qa.tester.SearchTest@32ee6fee]" started-at="2023-08-10T03:59:43 IST" name="searchInValidProduct" finished-at="2023-08-10T03:59:45 IST" duration-ms="1436" status="PASS">
          <reporter-output>
          </reporter-output>
        </test-method> <!-- searchInValidProduct -->
        <test-method is-config="true" signature="afterMethod()[pri:0, instance:com.tutorialsninja.qa.tester.SearchTest@32ee6fee]" started-at="2023-08-10T03:59:45 IST" name="afterMethod" finished-at="2023-08-10T03:59:45 IST" duration-ms="370" status="PASS">
          <reporter-output>
          </reporter-output>
        </test-method> <!-- afterMethod -->
        <test-method is-config="true" signature="BeforeMethod()[pri:0, instance:com.tutorialsninja.qa.tester.SearchTest@32ee6fee]" started-at="2023-08-10T03:59:45 IST" name="BeforeMethod" finished-at="2023-08-10T03:59:54 IST" duration-ms="8945" status="PASS">
          <reporter-output>
          </reporter-output>
        </test-method> <!-- BeforeMethod -->
        <test-method signature="searchNoProduct()[pri:3, instance:com.tutorialsninja.qa.tester.SearchTest@32ee6fee]" started-at="2023-08-10T03:59:54 IST" name="searchNoProduct" finished-at="2023-08-10T03:59:55 IST" duration-ms="1403" status="PASS">
          <reporter-output>
          </reporter-output>
        </test-method> <!-- searchNoProduct -->
        <test-method is-config="true" signature="afterMethod()[pri:0, instance:com.tutorialsninja.qa.tester.SearchTest@32ee6fee]" started-at="2023-08-10T03:59:55 IST" name="afterMethod" finished-at="2023-08-10T03:59:56 IST" duration-ms="407" status="PASS">
          <reporter-output>
          </reporter-output>
        </test-method> <!-- afterMethod -->
      </class> <!-- com.tutorialsninja.qa.tester.SearchTest -->
    </test> <!-- Default test -->
  </suite> <!-- Default suite -->
</testng-results>
